<?xml version="1.0" encoding="UTF-8"?>
<!-- Generated by org.testng.reporters.JUnitXMLReporter -->
<testsuite ignored="0" hostname="DESKTOP-TG2B0T8" failures="0" tests="4" name="Surefire test" time="57.436" errors="0" timestamp="2023-12-18T13:38:31 IST">
  <testcase classname="seleniumpractice.seleniumtests.ErrorValidationTest" name="invalidLoginTest" time="0.408"/>
  <testcase classname="seleniumpractice.seleniumtests.SubmitOrderTest" name="submitOrder" time="2.996"/>
  <testcase classname="seleniumpractice.seleniumtests.SubmitOrderTest" name="submitOrder" time="2.686"/>
  <testcase classname="seleniumpractice.seleniumtests.SubmitOrderTest" name="OrderHistoryTest" time="0.432"/>
</testsuite> <!-- Surefire test -->
