<?xml version="1.0" encoding="UTF-8"?>
<!-- Generated by org.testng.reporters.JUnitXMLReporter -->
<testsuite ignored="0" hostname="DESKTOP-TG2B0T8" failures="0" tests="3" name="Default test" time="11.044" errors="0" timestamp="2023-12-14T02:51:23 IST">
  <testcase classname="seleniumpractice.seleniumtests.SubmitOrderTest" name="submitOrder" time="2.997"/>
  <testcase classname="seleniumpractice.seleniumtests.SubmitOrderTest" name="submitOrder" time="2.71"/>
  <testcase classname="seleniumpractice.seleniumtests.SubmitOrderTest" name="OrderHistoryTest" time="0.47"/>
</testsuite> <!-- Default test -->
