<?xml version="1.0" encoding="UTF-8"?>
<!-- Generated by org.testng.reporters.JUnitXMLReporter -->
<testsuite ignored="1" hostname="DESKTOP-TG2B0T8" failures="1" tests="1" name="SubmitOrderTest" time="0.038" errors="0" timestamp="2023-12-14T02:29:00 IST">
  <testcase classname="seleniumpractice.seleniumtests.SubmitOrderTest" name="submitOrder" time="0.0">
    <failure type="java.lang.RuntimeException" message="java.lang.NullPointerException">
      <![CDATA[java.lang.RuntimeException: java.lang.NullPointerException
at java.base/java.util.ArrayList.forEach(ArrayList.java:1511)
Caused by: java.lang.NullPointerException
at java.base/java.io.File.<init>(File.java:278)
at seleniumtestspractice.testcomponents.ShoppingBaseTest.getJsonDataToMap(ShoppingBaseTest.java:56)
at seleniumpractice.seleniumtests.SubmitOrderTest.getData(SubmitOrderTest.java:76)
... 25 more
... Removed 32 stack frames]]>
    </failure>
  </testcase> <!-- submitOrder -->
  <testcase classname="seleniumpractice.seleniumtests.SubmitOrderTest" name="OrderHistoryTest" time="0.0">
    <ignored/>
  </testcase> <!-- OrderHistoryTest -->
</testsuite> <!-- SubmitOrderTest -->
