<?xml version="1.0" encoding="UTF-8"?>
<!-- Generated by org.testng.reporters.JUnitXMLReporter -->
<testsuite ignored="1" hostname="DESKTOP-TG2B0T8" failures="0" tests="2" name="SubmitOrderTest" time="11.465" errors="0" timestamp="2023-12-14T13:09:49 IST">
  <testcase classname="seleniumpractice.seleniumtests.SubmitOrderTest" name="submitOrder" time="2.985"/>
  <testcase classname="seleniumpractice.seleniumtests.SubmitOrderTest" name="submitOrder" time="2.884"/>
  <testcase classname="seleniumpractice.seleniumtests.SubmitOrderTest" name="OrderHistoryTest" time="0.0">
    <ignored/>
  </testcase> <!-- OrderHistoryTest -->
</testsuite> <!-- SubmitOrderTest -->
