<?xml version="1.0" encoding="UTF-8"?>
<testng-results ignored="0" total="3" passed="3" failed="0" skipped="0">
  <reporter-output>
  </reporter-output>
  <suite started-at="2023-12-14T02:51:12 IST" name="Default suite" finished-at="2023-12-14T02:51:23 IST" duration-ms="11044">
    <groups>
      <group name="Purchase">
        <method signature="SubmitOrderTest.submitOrder(java.util.HashMap)[pri:0, instance:seleniumpractice.seleniumtests.SubmitOrderTest@45099dd3]" name="submitOrder" class="seleniumpractice.seleniumtests.SubmitOrderTest"/>
      </group> <!-- Purchase -->
    </groups>
    <test started-at="2023-12-14T02:51:12 IST" name="Default test" finished-at="2023-12-14T02:51:23 IST" duration-ms="11044">
      <class name="seleniumpractice.seleniumtests.SubmitOrderTest">
        <test-method is-config="true" signature="launchApplication()[pri:0, instance:seleniumpractice.seleniumtests.SubmitOrderTest@45099dd3]" started-at="2023-12-14T02:51:13 IST" name="launchApplication" finished-at="2023-12-14T02:51:15 IST" duration-ms="1887" status="PASS">
          <reporter-output>
          </reporter-output>
        </test-method> <!-- launchApplication -->
        <test-method signature="submitOrder(java.util.HashMap)[pri:0, instance:seleniumpractice.seleniumtests.SubmitOrderTest@45099dd3]" started-at="2023-12-14T02:51:15 IST" name="submitOrder" data-provider="getData" finished-at="2023-12-14T02:51:18 IST" duration-ms="2997" status="PASS">
          <params>
            <param index="0">
              <value>
                <![CDATA[{password=Iamking@000, product=ZARA COAT 3, email=anshika@gmail.com}]]>
              </value>
            </param>
          </params>
          <reporter-output>
          </reporter-output>
        </test-method> <!-- submitOrder -->
        <test-method is-config="true" signature="tearDown()[pri:0, instance:seleniumpractice.seleniumtests.SubmitOrderTest@45099dd3]" started-at="2023-12-14T02:51:18 IST" name="tearDown" finished-at="2023-12-14T02:51:18 IST" duration-ms="90" status="PASS">
          <reporter-output>
          </reporter-output>
        </test-method> <!-- tearDown -->
        <test-method is-config="true" signature="launchApplication()[pri:0, instance:seleniumpractice.seleniumtests.SubmitOrderTest@45099dd3]" started-at="2023-12-14T02:51:18 IST" name="launchApplication" finished-at="2023-12-14T02:51:19 IST" duration-ms="1221" status="PASS">
          <reporter-output>
          </reporter-output>
        </test-method> <!-- launchApplication -->
        <test-method signature="submitOrder(java.util.HashMap)[pri:0, instance:seleniumpractice.seleniumtests.SubmitOrderTest@45099dd3]" started-at="2023-12-14T02:51:19 IST" name="submitOrder" data-provider="getData" finished-at="2023-12-14T02:51:22 IST" duration-ms="2710" status="PASS">
          <params>
            <param index="0">
              <value>
                <![CDATA[{password=Testing@1234, product=ADIDAS ORIGINAL, email=testing123456@gmail.com}]]>
              </value>
            </param>
          </params>
          <reporter-output>
          </reporter-output>
        </test-method> <!-- submitOrder -->
        <test-method is-config="true" signature="tearDown()[pri:0, instance:seleniumpractice.seleniumtests.SubmitOrderTest@45099dd3]" started-at="2023-12-14T02:51:22 IST" name="tearDown" finished-at="2023-12-14T02:51:22 IST" duration-ms="99" status="PASS">
          <reporter-output>
          </reporter-output>
        </test-method> <!-- tearDown -->
        <test-method is-config="true" signature="launchApplication()[pri:0, instance:seleniumpractice.seleniumtests.SubmitOrderTest@45099dd3]" started-at="2023-12-14T02:51:22 IST" name="launchApplication" finished-at="2023-12-14T02:51:23 IST" duration-ms="1212" status="PASS">
          <reporter-output>
          </reporter-output>
        </test-method> <!-- launchApplication -->
        <test-method signature="OrderHistoryTest()[pri:0, instance:seleniumpractice.seleniumtests.SubmitOrderTest@45099dd3]" started-at="2023-12-14T02:51:23 IST" name="OrderHistoryTest" finished-at="2023-12-14T02:51:23 IST" depends-on-methods="seleniumpractice.seleniumtests.SubmitOrderTest.submitOrder" duration-ms="470" status="PASS">
          <reporter-output>
          </reporter-output>
        </test-method> <!-- OrderHistoryTest -->
        <test-method is-config="true" signature="tearDown()[pri:0, instance:seleniumpractice.seleniumtests.SubmitOrderTest@45099dd3]" started-at="2023-12-14T02:51:23 IST" name="tearDown" finished-at="2023-12-14T02:51:23 IST" duration-ms="77" status="PASS">
          <reporter-output>
          </reporter-output>
        </test-method> <!-- tearDown -->
      </class> <!-- seleniumpractice.seleniumtests.SubmitOrderTest -->
    </test> <!-- Default test -->
  </suite> <!-- Default suite -->
</testng-results>
